{"/home/oleg/unit-test-study/client/src/components/counter/index.js": {"path":"/home/oleg/unit-test-study/client/src/components/counter/index.js","statementMap":{"0":{"start":{"line":7,"column":30},"end":{"line":7,"column":45}},"1":{"start":{"line":8,"column":28},"end":{"line":8,"column":38}},"2":{"start":{"line":10,"column":30},"end":{"line":10,"column":45}},"3":{"start":{"line":11,"column":32},"end":{"line":11,"column":43}},"4":{"start":{"line":13,"column":4},"end":{"line":22,"column":11}},"5":{"start":{"line":14,"column":25},"end":{"line":20,"column":9}},"6":{"start":{"line":15,"column":24},"end":{"line":17,"column":20}},"7":{"start":{"line":18,"column":12},"end":{"line":18,"column":41}},"8":{"start":{"line":19,"column":12},"end":{"line":19,"column":31}},"9":{"start":{"line":21,"column":8},"end":{"line":21,"column":19}},"10":{"start":{"line":24,"column":4},"end":{"line":26,"column":16}},"11":{"start":{"line":25,"column":8},"end":{"line":25,"column":51}},"12":{"start":{"line":28,"column":21},"end":{"line":28,"column":34}},"13":{"start":{"line":29,"column":19},"end":{"line":29,"column":63}},"14":{"start":{"line":29,"column":42},"end":{"line":29,"column":62}},"15":{"start":{"line":30,"column":4},"end":{"line":44,"column":6}},"16":{"start":{"line":37,"column":35},"end":{"line":37,"column":67}},"17":{"start":{"line":39,"column":35},"end":{"line":39,"column":67}},"18":{"start":{"line":41,"column":35},"end":{"line":41,"column":62}},"19":{"start":{"line":41,"column":55},"end":{"line":41,"column":61}}},"fnMap":{"0":{"name":"(anonymous_0)","decl":{"start":{"line":6,"column":15},"end":{"line":6,"column":16}},"loc":{"start":{"line":6,"column":21},"end":{"line":45,"column":1}},"line":6},"1":{"name":"(anonymous_1)","decl":{"start":{"line":13,"column":14},"end":{"line":13,"column":15}},"loc":{"start":{"line":13,"column":20},"end":{"line":22,"column":5}},"line":13},"2":{"name":"(anonymous_2)","decl":{"start":{"line":14,"column":25},"end":{"line":14,"column":26}},"loc":{"start":{"line":14,"column":37},"end":{"line":20,"column":9}},"line":14},"3":{"name":"(anonymous_3)","decl":{"start":{"line":24,"column":14},"end":{"line":24,"column":15}},"loc":{"start":{"line":24,"column":20},"end":{"line":26,"column":5}},"line":24},"4":{"name":"(anonymous_4)","decl":{"start":{"line":29,"column":31},"end":{"line":29,"column":32}},"loc":{"start":{"line":29,"column":42},"end":{"line":29,"column":62}},"line":29},"5":{"name":"(anonymous_5)","decl":{"start":{"line":37,"column":29},"end":{"line":37,"column":30}},"loc":{"start":{"line":37,"column":35},"end":{"line":37,"column":67}},"line":37},"6":{"name":"(anonymous_6)","decl":{"start":{"line":39,"column":29},"end":{"line":39,"column":30}},"loc":{"start":{"line":39,"column":35},"end":{"line":39,"column":67}},"line":39},"7":{"name":"(anonymous_7)","decl":{"start":{"line":41,"column":29},"end":{"line":41,"column":30}},"loc":{"start":{"line":41,"column":35},"end":{"line":41,"column":62}},"line":41},"8":{"name":"(anonymous_8)","decl":{"start":{"line":41,"column":44},"end":{"line":41,"column":45}},"loc":{"start":{"line":41,"column":55},"end":{"line":41,"column":61}},"line":41}},"branchMap":{"0":{"loc":{"start":{"line":34,"column":13},"end":{"line":34,"column":46}},"type":"binary-expr","locations":[{"start":{"line":34,"column":13},"end":{"line":34,"column":18}},{"start":{"line":34,"column":22},"end":{"line":34,"column":46}}],"line":34},"1":{"loc":{"start":{"line":35,"column":13},"end":{"line":35,"column":38}},"type":"binary-expr","locations":[{"start":{"line":35,"column":13},"end":{"line":35,"column":17}},{"start":{"line":35,"column":21},"end":{"line":35,"column":38}}],"line":35},"2":{"loc":{"start":{"line":42,"column":13},"end":{"line":42,"column":61}},"type":"binary-expr","locations":[{"start":{"line":42,"column":13},"end":{"line":42,"column":19}},{"start":{"line":42,"column":23},"end":{"line":42,"column":61}}],"line":42}},"s":{"0":8,"1":8,"2":8,"3":8,"4":8,"5":2,"6":2,"7":2,"8":2,"9":2,"10":8,"11":2,"12":8,"13":8,"14":8,"15":8,"16":0,"17":0,"18":0,"19":0},"f":{"0":8,"1":2,"2":2,"3":2,"4":8,"5":0,"6":0,"7":0,"8":0},"b":{"0":[8,4],"1":[8,2],"2":[8,6]},"_coverageSchema":"1a1c01bbd47fc00a2c39e90264f33305004495a9","hash":"4cf5b403d6a8d6566d518333431eff4b01887c64"}
,"/home/oleg/unit-test-study/client/src/components/header/index.js": {"path":"/home/oleg/unit-test-study/client/src/components/header/index.js","statementMap":{"0":{"start":{"line":4,"column":28},"end":{"line":4,"column":40}},"1":{"start":{"line":6,"column":4},"end":{"line":12,"column":11}},"2":{"start":{"line":7,"column":25},"end":{"line":10,"column":9}},"3":{"start":{"line":8,"column":25},"end":{"line":8,"column":85}},"4":{"start":{"line":9,"column":12},"end":{"line":9,"column":31}},"5":{"start":{"line":11,"column":8},"end":{"line":11,"column":19}},"6":{"start":{"line":13,"column":4},"end":{"line":13,"column":81}}},"fnMap":{"0":{"name":"(anonymous_0)","decl":{"start":{"line":3,"column":15},"end":{"line":3,"column":16}},"loc":{"start":{"line":3,"column":21},"end":{"line":14,"column":1}},"line":3},"1":{"name":"(anonymous_1)","decl":{"start":{"line":6,"column":14},"end":{"line":6,"column":15}},"loc":{"start":{"line":6,"column":20},"end":{"line":12,"column":5}},"line":6},"2":{"name":"(anonymous_2)","decl":{"start":{"line":7,"column":25},"end":{"line":7,"column":26}},"loc":{"start":{"line":7,"column":37},"end":{"line":10,"column":9}},"line":7}},"branchMap":{"0":{"loc":{"start":{"line":13,"column":14},"end":{"line":13,"column":76}},"type":"cond-expr","locations":[{"start":{"line":13,"column":21},"end":{"line":13,"column":43}},{"start":{"line":13,"column":46},"end":{"line":13,"column":76}}],"line":13}},"s":{"0":11,"1":11,"2":3,"3":3,"4":2,"5":3,"6":11},"f":{"0":11,"1":3,"2":3},"b":{"0":[0,11]},"_coverageSchema":"1a1c01bbd47fc00a2c39e90264f33305004495a9","hash":"b082df401b8b7c02367e5842f9f1c3aa38a24b64"}
,"/home/oleg/unit-test-study/client/src/store/actions.js": {"path":"/home/oleg/unit-test-study/client/src/store/actions.js","statementMap":{"0":{"start":{"line":1,"column":26},"end":{"line":4,"column":2}},"1":{"start":{"line":1,"column":39},"end":{"line":4,"column":1}}},"fnMap":{"0":{"name":"(anonymous_0)","decl":{"start":{"line":1,"column":26},"end":{"line":1,"column":27}},"loc":{"start":{"line":1,"column":39},"end":{"line":4,"column":1}},"line":1}},"branchMap":{},"s":{"0":1,"1":0},"f":{"0":0},"b":{},"_coverageSchema":"1a1c01bbd47fc00a2c39e90264f33305004495a9","hash":"1952c41ddf315758a2c5dd50c6764298aa10a0c9"}
,"/home/oleg/unit-test-study/client/src/store/index.js": {"path":"/home/oleg/unit-test-study/client/src/store/index.js","statementMap":{"0":{"start":{"line":4,"column":14},"end":{"line":4,"column":34}}},"fnMap":{},"branchMap":{},"s":{"0":2},"f":{},"b":{},"_coverageSchema":"1a1c01bbd47fc00a2c39e90264f33305004495a9","hash":"07ca3b505362ee05d1c25806cce24ba8b62fe4e7"}
,"/home/oleg/unit-test-study/client/src/store/reducers.js": {"path":"/home/oleg/unit-test-study/client/src/store/reducers.js","statementMap":{"0":{"start":{"line":1,"column":21},"end":{"line":5,"column":1}},"1":{"start":{"line":7,"column":23},"end":{"line":21,"column":1}},"2":{"start":{"line":8,"column":4},"end":{"line":20,"column":5}},"3":{"start":{"line":10,"column":29},"end":{"line":10,"column":35}},"4":{"start":{"line":11,"column":12},"end":{"line":17,"column":13}},"5":{"start":{"line":19,"column":12},"end":{"line":19,"column":24}}},"fnMap":{"0":{"name":"(anonymous_0)","decl":{"start":{"line":7,"column":23},"end":{"line":7,"column":24}},"loc":{"start":{"line":7,"column":57},"end":{"line":21,"column":1}},"line":7}},"branchMap":{"0":{"loc":{"start":{"line":7,"column":24},"end":{"line":7,"column":44}},"type":"default-arg","locations":[{"start":{"line":7,"column":32},"end":{"line":7,"column":44}}],"line":7},"1":{"loc":{"start":{"line":8,"column":4},"end":{"line":20,"column":5}},"type":"switch","locations":[{"start":{"line":9,"column":8},"end":{"line":17,"column":13}},{"start":{"line":18,"column":8},"end":{"line":19,"column":24}}],"line":8}},"s":{"0":2,"1":2,"2":2,"3":0,"4":0,"5":2},"f":{"0":2},"b":{"0":[2],"1":[0,2]},"_coverageSchema":"1a1c01bbd47fc00a2c39e90264f33305004495a9","hash":"b03617affa1d6465e4dd22f66c37ecf84123a119"}
}
