{"/home/oleg/unit-test-study/client/setupTests/assetsStub.js": {"path":"/home/oleg/unit-test-study/client/setupTests/assetsStub.js","statementMap":{"0":{"start":{"line":1,"column":0},"end":{"line":1,"column":20}}},"fnMap":{},"branchMap":{},"s":{"0":1},"f":{},"b":{},"_coverageSchema":"1a1c01bbd47fc00a2c39e90264f33305004495a9","hash":"a2f4c02f7c4241e1af24b1d8cbe897588fa56e75"}
,"/home/oleg/unit-test-study/client/setupTests/mocks.js": {"path":"/home/oleg/unit-test-study/client/setupTests/mocks.js","statementMap":{"0":{"start":{"line":3,"column":8},"end":{"line":3,"column":23}},"1":{"start":{"line":4,"column":8},"end":{"line":4,"column":31}},"2":{"start":{"line":5,"column":8},"end":{"line":5,"column":32}},"3":{"start":{"line":6,"column":8},"end":{"line":6,"column":34}},"4":{"start":{"line":7,"column":8},"end":{"line":7,"column":32}},"5":{"start":{"line":10,"column":19},"end":{"line":10,"column":21}},"6":{"start":{"line":12,"column":11},"end":{"line":12,"column":23}},"7":{"start":{"line":15,"column":8},"end":{"line":15,"column":52}},"8":{"start":{"line":15,"column":36},"end":{"line":15,"column":50}},"9":{"start":{"line":19,"column":8},"end":{"line":19,"column":53}},"10":{"start":{"line":19,"column":37},"end":{"line":19,"column":51}},"11":{"start":{"line":23,"column":8},"end":{"line":23,"column":55}},"12":{"start":{"line":23,"column":39},"end":{"line":23,"column":53}},"13":{"start":{"line":27,"column":8},"end":{"line":27,"column":53}},"14":{"start":{"line":27,"column":37},"end":{"line":27,"column":51}}},"fnMap":{"0":{"name":"(anonymous_0)","decl":{"start":{"line":2,"column":4},"end":{"line":2,"column":5}},"loc":{"start":{"line":2,"column":21},"end":{"line":8,"column":5}},"line":2},"1":{"name":"(anonymous_1)","decl":{"start":{"line":4,"column":22},"end":{"line":4,"column":23}},"loc":{"start":{"line":4,"column":28},"end":{"line":4,"column":30}},"line":4},"2":{"name":"(anonymous_2)","decl":{"start":{"line":5,"column":23},"end":{"line":5,"column":24}},"loc":{"start":{"line":5,"column":29},"end":{"line":5,"column":31}},"line":5},"3":{"name":"(anonymous_3)","decl":{"start":{"line":6,"column":25},"end":{"line":6,"column":26}},"loc":{"start":{"line":6,"column":31},"end":{"line":6,"column":33}},"line":6},"4":{"name":"(anonymous_4)","decl":{"start":{"line":7,"column":23},"end":{"line":7,"column":24}},"loc":{"start":{"line":7,"column":29},"end":{"line":7,"column":31}},"line":7},"5":{"name":"(anonymous_5)","decl":{"start":{"line":12,"column":11},"end":{"line":12,"column":12}},"loc":{"start":{"line":12,"column":21},"end":{"line":12,"column":23}},"line":12},"6":{"name":"(anonymous_6)","decl":{"start":{"line":14,"column":4},"end":{"line":14,"column":5}},"loc":{"start":{"line":14,"column":19},"end":{"line":16,"column":5}},"line":14},"7":{"name":"(anonymous_7)","decl":{"start":{"line":15,"column":30},"end":{"line":15,"column":31}},"loc":{"start":{"line":15,"column":36},"end":{"line":15,"column":50}},"line":15},"8":{"name":"(anonymous_8)","decl":{"start":{"line":18,"column":4},"end":{"line":18,"column":5}},"loc":{"start":{"line":18,"column":20},"end":{"line":20,"column":5}},"line":18},"9":{"name":"(anonymous_9)","decl":{"start":{"line":19,"column":31},"end":{"line":19,"column":32}},"loc":{"start":{"line":19,"column":37},"end":{"line":19,"column":51}},"line":19},"10":{"name":"(anonymous_10)","decl":{"start":{"line":22,"column":4},"end":{"line":22,"column":5}},"loc":{"start":{"line":22,"column":22},"end":{"line":24,"column":5}},"line":22},"11":{"name":"(anonymous_11)","decl":{"start":{"line":23,"column":33},"end":{"line":23,"column":34}},"loc":{"start":{"line":23,"column":39},"end":{"line":23,"column":53}},"line":23},"12":{"name":"(anonymous_12)","decl":{"start":{"line":26,"column":4},"end":{"line":26,"column":5}},"loc":{"start":{"line":26,"column":20},"end":{"line":28,"column":5}},"line":26},"13":{"name":"(anonymous_13)","decl":{"start":{"line":27,"column":31},"end":{"line":27,"column":32}},"loc":{"start":{"line":27,"column":37},"end":{"line":27,"column":51}},"line":27}},"branchMap":{},"s":{"0":0,"1":0,"2":0,"3":0,"4":0,"5":1,"6":0,"7":0,"8":0,"9":0,"10":0,"11":0,"12":0,"13":0,"14":0},"f":{"0":0,"1":0,"2":0,"3":0,"4":0,"5":0,"6":0,"7":0,"8":0,"9":0,"10":0,"11":0,"12":0,"13":0},"b":{},"_coverageSchema":"1a1c01bbd47fc00a2c39e90264f33305004495a9","hash":"e301f1164e1287258fb6208fabda6006cdd53e79"}
,"/home/oleg/unit-test-study/client/src/components/counter/index.js": {"path":"/home/oleg/unit-test-study/client/src/components/counter/index.js","statementMap":{"0":{"start":{"line":8,"column":30},"end":{"line":8,"column":45}},"1":{"start":{"line":9,"column":28},"end":{"line":9,"column":38}},"2":{"start":{"line":11,"column":30},"end":{"line":11,"column":45}},"3":{"start":{"line":12,"column":32},"end":{"line":12,"column":43}},"4":{"start":{"line":14,"column":36},"end":{"line":14,"column":47}},"5":{"start":{"line":16,"column":4},"end":{"line":25,"column":11}},"6":{"start":{"line":17,"column":25},"end":{"line":23,"column":9}},"7":{"start":{"line":18,"column":24},"end":{"line":20,"column":20}},"8":{"start":{"line":21,"column":12},"end":{"line":21,"column":41}},"9":{"start":{"line":22,"column":12},"end":{"line":22,"column":31}},"10":{"start":{"line":24,"column":8},"end":{"line":24,"column":19}},"11":{"start":{"line":27,"column":4},"end":{"line":35,"column":11}},"12":{"start":{"line":28,"column":19},"end":{"line":28,"column":66}},"13":{"start":{"line":29,"column":8},"end":{"line":29,"column":50}},"14":{"start":{"line":29,"column":26},"end":{"line":29,"column":49}},"15":{"start":{"line":31,"column":8},"end":{"line":34,"column":10}},"16":{"start":{"line":32,"column":30},"end":{"line":32,"column":48}},"17":{"start":{"line":33,"column":12},"end":{"line":33,"column":31}},"18":{"start":{"line":37,"column":4},"end":{"line":39,"column":16}},"19":{"start":{"line":38,"column":8},"end":{"line":38,"column":51}},"20":{"start":{"line":41,"column":21},"end":{"line":41,"column":34}},"21":{"start":{"line":42,"column":19},"end":{"line":42,"column":63}},"22":{"start":{"line":42,"column":42},"end":{"line":42,"column":62}},"23":{"start":{"line":43,"column":4},"end":{"line":58,"column":6}},"24":{"start":{"line":50,"column":35},"end":{"line":50,"column":67}},"25":{"start":{"line":52,"column":35},"end":{"line":52,"column":67}},"26":{"start":{"line":54,"column":35},"end":{"line":54,"column":62}},"27":{"start":{"line":54,"column":55},"end":{"line":54,"column":61}}},"fnMap":{"0":{"name":"(anonymous_0)","decl":{"start":{"line":7,"column":15},"end":{"line":7,"column":16}},"loc":{"start":{"line":7,"column":21},"end":{"line":59,"column":1}},"line":7},"1":{"name":"(anonymous_1)","decl":{"start":{"line":16,"column":14},"end":{"line":16,"column":15}},"loc":{"start":{"line":16,"column":20},"end":{"line":25,"column":5}},"line":16},"2":{"name":"(anonymous_2)","decl":{"start":{"line":17,"column":25},"end":{"line":17,"column":26}},"loc":{"start":{"line":17,"column":37},"end":{"line":23,"column":9}},"line":17},"3":{"name":"(anonymous_3)","decl":{"start":{"line":27,"column":14},"end":{"line":27,"column":15}},"loc":{"start":{"line":27,"column":20},"end":{"line":35,"column":5}},"line":27},"4":{"name":"(anonymous_4)","decl":{"start":{"line":29,"column":20},"end":{"line":29,"column":21}},"loc":{"start":{"line":29,"column":26},"end":{"line":29,"column":49}},"line":29},"5":{"name":"(anonymous_5)","decl":{"start":{"line":31,"column":23},"end":{"line":31,"column":24}},"loc":{"start":{"line":31,"column":30},"end":{"line":34,"column":9}},"line":31},"6":{"name":"(anonymous_6)","decl":{"start":{"line":37,"column":14},"end":{"line":37,"column":15}},"loc":{"start":{"line":37,"column":20},"end":{"line":39,"column":5}},"line":37},"7":{"name":"(anonymous_7)","decl":{"start":{"line":42,"column":31},"end":{"line":42,"column":32}},"loc":{"start":{"line":42,"column":42},"end":{"line":42,"column":62}},"line":42},"8":{"name":"(anonymous_8)","decl":{"start":{"line":50,"column":29},"end":{"line":50,"column":30}},"loc":{"start":{"line":50,"column":35},"end":{"line":50,"column":67}},"line":50},"9":{"name":"(anonymous_9)","decl":{"start":{"line":52,"column":29},"end":{"line":52,"column":30}},"loc":{"start":{"line":52,"column":35},"end":{"line":52,"column":67}},"line":52},"10":{"name":"(anonymous_10)","decl":{"start":{"line":54,"column":29},"end":{"line":54,"column":30}},"loc":{"start":{"line":54,"column":35},"end":{"line":54,"column":62}},"line":54},"11":{"name":"(anonymous_11)","decl":{"start":{"line":54,"column":44},"end":{"line":54,"column":45}},"loc":{"start":{"line":54,"column":55},"end":{"line":54,"column":61}},"line":54}},"branchMap":{"0":{"loc":{"start":{"line":47,"column":13},"end":{"line":47,"column":46}},"type":"binary-expr","locations":[{"start":{"line":47,"column":13},"end":{"line":47,"column":18}},{"start":{"line":47,"column":22},"end":{"line":47,"column":46}}],"line":47},"1":{"loc":{"start":{"line":48,"column":13},"end":{"line":48,"column":38}},"type":"binary-expr","locations":[{"start":{"line":48,"column":13},"end":{"line":48,"column":17}},{"start":{"line":48,"column":21},"end":{"line":48,"column":38}}],"line":48},"2":{"loc":{"start":{"line":55,"column":13},"end":{"line":55,"column":61}},"type":"binary-expr","locations":[{"start":{"line":55,"column":13},"end":{"line":55,"column":19}},{"start":{"line":55,"column":23},"end":{"line":55,"column":61}}],"line":55}},"s":{"0":4,"1":4,"2":4,"3":4,"4":4,"5":4,"6":1,"7":1,"8":1,"9":1,"10":1,"11":4,"12":1,"13":1,"14":0,"15":1,"16":0,"17":0,"18":4,"19":1,"20":4,"21":4,"22":4,"23":4,"24":0,"25":0,"26":0,"27":0},"f":{"0":4,"1":1,"2":1,"3":1,"4":0,"5":0,"6":1,"7":4,"8":0,"9":0,"10":0,"11":0},"b":{"0":[4,2],"1":[4,1],"2":[4,3]},"_coverageSchema":"1a1c01bbd47fc00a2c39e90264f33305004495a9","hash":"9fee082176f236b9e46a5b91f23139a27dbeff4c"}
,"/home/oleg/unit-test-study/client/src/components/footer/index.js": {"path":"/home/oleg/unit-test-study/client/src/components/footer/index.js","statementMap":{"0":{"start":{"line":6,"column":30},"end":{"line":6,"column":40}},"1":{"start":{"line":8,"column":4},"end":{"line":18,"column":6}}},"fnMap":{"0":{"name":"(anonymous_0)","decl":{"start":{"line":5,"column":15},"end":{"line":5,"column":16}},"loc":{"start":{"line":5,"column":34},"end":{"line":19,"column":1}},"line":5}},"branchMap":{"0":{"loc":{"start":{"line":5,"column":18},"end":{"line":5,"column":27}},"type":"default-arg","locations":[{"start":{"line":5,"column":26},"end":{"line":5,"column":27}}],"line":5}},"s":{"0":4,"1":4},"f":{"0":4},"b":{"0":[0]},"_coverageSchema":"1a1c01bbd47fc00a2c39e90264f33305004495a9","hash":"f5b717d28027e0bee7689938cbd7eac168a04c11"}
,"/home/oleg/unit-test-study/client/src/components/header/index.js": {"path":"/home/oleg/unit-test-study/client/src/components/header/index.js","statementMap":{"0":{"start":{"line":4,"column":28},"end":{"line":4,"column":40}},"1":{"start":{"line":6,"column":4},"end":{"line":12,"column":11}},"2":{"start":{"line":7,"column":25},"end":{"line":10,"column":9}},"3":{"start":{"line":8,"column":25},"end":{"line":8,"column":85}},"4":{"start":{"line":9,"column":12},"end":{"line":9,"column":31}},"5":{"start":{"line":11,"column":8},"end":{"line":11,"column":19}},"6":{"start":{"line":13,"column":4},"end":{"line":13,"column":81}}},"fnMap":{"0":{"name":"(anonymous_0)","decl":{"start":{"line":3,"column":15},"end":{"line":3,"column":16}},"loc":{"start":{"line":3,"column":21},"end":{"line":14,"column":1}},"line":3},"1":{"name":"(anonymous_1)","decl":{"start":{"line":6,"column":14},"end":{"line":6,"column":15}},"loc":{"start":{"line":6,"column":20},"end":{"line":12,"column":5}},"line":6},"2":{"name":"(anonymous_2)","decl":{"start":{"line":7,"column":25},"end":{"line":7,"column":26}},"loc":{"start":{"line":7,"column":37},"end":{"line":10,"column":9}},"line":7}},"branchMap":{"0":{"loc":{"start":{"line":13,"column":14},"end":{"line":13,"column":76}},"type":"cond-expr","locations":[{"start":{"line":13,"column":21},"end":{"line":13,"column":43}},{"start":{"line":13,"column":46},"end":{"line":13,"column":76}}],"line":13}},"s":{"0":5,"1":5,"2":1,"3":1,"4":1,"5":1,"6":5},"f":{"0":5,"1":1,"2":1},"b":{"0":[3,2]},"_coverageSchema":"1a1c01bbd47fc00a2c39e90264f33305004495a9","hash":"b082df401b8b7c02367e5842f9f1c3aa38a24b64"}
,"/home/oleg/unit-test-study/client/src/store/actions.js": {"path":"/home/oleg/unit-test-study/client/src/store/actions.js","statementMap":{"0":{"start":{"line":1,"column":26},"end":{"line":4,"column":2}},"1":{"start":{"line":1,"column":39},"end":{"line":4,"column":1}}},"fnMap":{"0":{"name":"(anonymous_0)","decl":{"start":{"line":1,"column":26},"end":{"line":1,"column":27}},"loc":{"start":{"line":1,"column":39},"end":{"line":4,"column":1}},"line":1}},"branchMap":{},"s":{"0":1,"1":0},"f":{"0":0},"b":{},"_coverageSchema":"1a1c01bbd47fc00a2c39e90264f33305004495a9","hash":"1952c41ddf315758a2c5dd50c6764298aa10a0c9"}
,"/home/oleg/unit-test-study/client/src/store/index.js": {"path":"/home/oleg/unit-test-study/client/src/store/index.js","statementMap":{"0":{"start":{"line":4,"column":14},"end":{"line":4,"column":34}}},"fnMap":{},"branchMap":{},"s":{"0":1},"f":{},"b":{},"_coverageSchema":"1a1c01bbd47fc00a2c39e90264f33305004495a9","hash":"07ca3b505362ee05d1c25806cce24ba8b62fe4e7"}
,"/home/oleg/unit-test-study/client/src/store/reducers.js": {"path":"/home/oleg/unit-test-study/client/src/store/reducers.js","statementMap":{"0":{"start":{"line":1,"column":21},"end":{"line":5,"column":1}},"1":{"start":{"line":7,"column":23},"end":{"line":21,"column":1}},"2":{"start":{"line":8,"column":4},"end":{"line":20,"column":5}},"3":{"start":{"line":10,"column":29},"end":{"line":10,"column":35}},"4":{"start":{"line":11,"column":12},"end":{"line":17,"column":13}},"5":{"start":{"line":19,"column":12},"end":{"line":19,"column":24}}},"fnMap":{"0":{"name":"(anonymous_0)","decl":{"start":{"line":7,"column":23},"end":{"line":7,"column":24}},"loc":{"start":{"line":7,"column":57},"end":{"line":21,"column":1}},"line":7}},"branchMap":{"0":{"loc":{"start":{"line":7,"column":24},"end":{"line":7,"column":44}},"type":"default-arg","locations":[{"start":{"line":7,"column":32},"end":{"line":7,"column":44}}],"line":7},"1":{"loc":{"start":{"line":8,"column":4},"end":{"line":20,"column":5}},"type":"switch","locations":[{"start":{"line":9,"column":8},"end":{"line":17,"column":13}},{"start":{"line":18,"column":8},"end":{"line":19,"column":24}}],"line":8}},"s":{"0":1,"1":1,"2":1,"3":0,"4":0,"5":1},"f":{"0":1},"b":{"0":[1],"1":[0,1]},"_coverageSchema":"1a1c01bbd47fc00a2c39e90264f33305004495a9","hash":"b03617affa1d6465e4dd22f66c37ecf84123a119"}
}
