TN:
SF:setupTests/assetsStub.js
FNF:0
FNH:0
DA:1,1
LF:1
LH:1
BRF:0
BRH:0
end_of_record
TN:
SF:setupTests/mocks.js
FN:2,(anonymous_0)
FN:4,(anonymous_1)
FN:5,(anonymous_2)
FN:6,(anonymous_3)
FN:7,(anonymous_4)
FN:12,(anonymous_5)
FN:14,(anonymous_6)
FN:15,(anonymous_7)
FN:18,(anonymous_8)
FN:19,(anonymous_9)
FN:22,(anonymous_10)
FN:23,(anonymous_11)
FN:26,(anonymous_12)
FN:27,(anonymous_13)
FNF:14
FNH:0
FNDA:0,(anonymous_0)
FNDA:0,(anonymous_1)
FNDA:0,(anonymous_2)
FNDA:0,(anonymous_3)
FNDA:0,(anonymous_4)
FNDA:0,(anonymous_5)
FNDA:0,(anonymous_6)
FNDA:0,(anonymous_7)
FNDA:0,(anonymous_8)
FNDA:0,(anonymous_9)
FNDA:0,(anonymous_10)
FNDA:0,(anonymous_11)
FNDA:0,(anonymous_12)
FNDA:0,(anonymous_13)
DA:3,0
DA:4,0
DA:5,0
DA:6,0
DA:7,0
DA:10,1
DA:12,0
DA:15,0
DA:19,0
DA:23,0
DA:27,0
LF:11
LH:1
BRF:0
BRH:0
end_of_record
TN:
SF:src/components/counter/index.js
FN:7,(anonymous_0)
FN:16,(anonymous_1)
FN:17,(anonymous_2)
FN:27,(anonymous_3)
FN:29,(anonymous_4)
FN:31,(anonymous_5)
FN:37,(anonymous_6)
FN:42,(anonymous_7)
FN:50,(anonymous_8)
FN:52,(anonymous_9)
FN:54,(anonymous_10)
FN:54,(anonymous_11)
FNF:12
FNH:6
FNDA:4,(anonymous_0)
FNDA:1,(anonymous_1)
FNDA:1,(anonymous_2)
FNDA:1,(anonymous_3)
FNDA:0,(anonymous_4)
FNDA:0,(anonymous_5)
FNDA:1,(anonymous_6)
FNDA:4,(anonymous_7)
FNDA:0,(anonymous_8)
FNDA:0,(anonymous_9)
FNDA:0,(anonymous_10)
FNDA:0,(anonymous_11)
DA:8,4
DA:9,4
DA:11,4
DA:12,4
DA:14,4
DA:16,4
DA:17,1
DA:18,1
DA:21,1
DA:22,1
DA:24,1
DA:27,4
DA:28,1
DA:29,1
DA:31,1
DA:32,0
DA:33,0
DA:37,4
DA:38,1
DA:41,4
DA:42,4
DA:43,4
DA:50,0
DA:52,0
DA:54,0
LF:25
LH:20
BRDA:47,0,0,4
BRDA:47,0,1,2
BRDA:48,1,0,4
BRDA:48,1,1,1
BRDA:55,2,0,4
BRDA:55,2,1,3
BRF:6
BRH:6
end_of_record
TN:
SF:src/components/footer/index.js
FN:5,(anonymous_0)
FNF:1
FNH:1
FNDA:4,(anonymous_0)
DA:6,4
DA:8,4
LF:2
LH:2
BRDA:5,0,0,0
BRF:1
BRH:0
end_of_record
TN:
SF:src/components/header/index.js
FN:3,(anonymous_0)
FN:6,(anonymous_1)
FN:7,(anonymous_2)
FNF:3
FNH:3
FNDA:5,(anonymous_0)
FNDA:1,(anonymous_1)
FNDA:1,(anonymous_2)
DA:4,5
DA:6,5
DA:7,1
DA:8,1
DA:9,1
DA:11,1
DA:13,5
LF:7
LH:7
BRDA:13,0,0,3
BRDA:13,0,1,2
BRF:2
BRH:2
end_of_record
TN:
SF:src/store/actions.js
FN:1,(anonymous_0)
FNF:1
FNH:0
FNDA:0,(anonymous_0)
DA:1,1
LF:1
LH:1
BRF:0
BRH:0
end_of_record
TN:
SF:src/store/index.js
FNF:0
FNH:0
DA:4,1
LF:1
LH:1
BRF:0
BRH:0
end_of_record
TN:
SF:src/store/reducers.js
FN:7,(anonymous_0)
FNF:1
FNH:1
FNDA:1,(anonymous_0)
DA:1,1
DA:7,1
DA:8,1
DA:10,0
DA:11,0
DA:19,1
LF:6
LH:4
BRDA:7,0,0,1
BRDA:8,1,0,0
BRDA:8,1,1,1
BRF:3
BRH:2
end_of_record
