TN:
SF:src/components/counter/index.js
FN:6,(anonymous_0)
FN:13,(anonymous_1)
FN:14,(anonymous_2)
FN:24,(anonymous_3)
FN:29,(anonymous_4)
FN:37,(anonymous_5)
FN:39,(anonymous_6)
FN:41,(anonymous_7)
FN:41,(anonymous_8)
FNF:9
FNH:5
FNDA:8,(anonymous_0)
FNDA:2,(anonymous_1)
FNDA:2,(anonymous_2)
FNDA:2,(anonymous_3)
FNDA:8,(anonymous_4)
FNDA:0,(anonymous_5)
FNDA:0,(anonymous_6)
FNDA:0,(anonymous_7)
FNDA:0,(anonymous_8)
DA:7,8
DA:8,8
DA:10,8
DA:11,8
DA:13,8
DA:14,2
DA:15,2
DA:18,2
DA:19,2
DA:21,2
DA:24,8
DA:25,2
DA:28,8
DA:29,8
DA:30,8
DA:37,0
DA:39,0
DA:41,0
LF:18
LH:15
BRDA:34,0,0,8
BRDA:34,0,1,4
BRDA:35,1,0,8
BRDA:35,1,1,2
BRDA:42,2,0,8
BRDA:42,2,1,6
BRF:6
BRH:6
end_of_record
TN:
SF:src/components/header/index.js
FN:3,(anonymous_0)
FN:6,(anonymous_1)
FN:7,(anonymous_2)
FNF:3
FNH:3
FNDA:11,(anonymous_0)
FNDA:3,(anonymous_1)
FNDA:3,(anonymous_2)
DA:4,11
DA:6,11
DA:7,3
DA:8,3
DA:9,2
DA:11,3
DA:13,11
LF:7
LH:7
BRDA:13,0,0,0
BRDA:13,0,1,11
BRF:2
BRH:1
end_of_record
TN:
SF:src/store/actions.js
FN:1,(anonymous_0)
FNF:1
FNH:0
FNDA:0,(anonymous_0)
DA:1,1
LF:1
LH:1
BRF:0
BRH:0
end_of_record
TN:
SF:src/store/index.js
FNF:0
FNH:0
DA:4,2
LF:1
LH:1
BRF:0
BRH:0
end_of_record
TN:
SF:src/store/reducers.js
FN:7,(anonymous_0)
FNF:1
FNH:1
FNDA:2,(anonymous_0)
DA:1,2
DA:7,2
DA:8,2
DA:10,0
DA:11,0
DA:19,2
LF:6
LH:4
BRDA:7,0,0,2
BRDA:8,1,0,0
BRDA:8,1,1,2
BRF:3
BRH:2
end_of_record
